0 info it worked if it ends with ok
1 verbose cli [ 'c:\\Program Files\\nodejs\\node.exe',
1 verbose cli   'c:\\Program Files\\nodejs\\node_modules\\npm\\bin\\npm-cli.js',
1 verbose cli   'link' ]
2 info using npm@2.11.3
3 info using node@v0.12.7
4 verbose linkPkg d:\workspace\crudis
5 verbose stack Error: ENOENT, open 'd:\workspace\crudis\package.json'
5 verbose stack     at Error (native)
6 verbose cwd d:\workspace\crudis
7 error Windows_NT 6.1.7601
8 error argv "c:\\Program Files\\nodejs\\node.exe" "c:\\Program Files\\nodejs\\node_modules\\npm\\bin\\npm-cli.js" "link"
9 error node v0.12.7
10 error npm  v2.11.3
11 error path d:\workspace\crudis\package.json
12 error code ENOENT
13 error errno -4058
14 error enoent ENOENT, open 'd:\workspace\crudis\package.json'
14 error enoent This is most likely not a problem with npm itself
14 error enoent and is related to npm not being able to find a file.
15 verbose exit [ -4058, true ]
